<?xml version="1.0" encoding="UTF-8"?>
<testsuite xmlns:xsi="http://www.w3.org/2001/XMLSchema-instance" xsi:noNamespaceSchemaLocation="https://maven.apache.org/surefire/maven-surefire-plugin/xsd/surefire-test-report-3.0.xsd" version="3.0" name="com.kafka.demo.KafkaSetupApplicationTests" time="1.355" tests="1" errors="0" skipped="0" failures="0">
  <properties>
[...]
</properties>
  <testcase name="contextLoads" classname="com.kafka.demo.KafkaSetupApplicationTests" time="0.469">
    <system-out><![CDATA[21:30:16.629 [main] INFO org.springframework.test.context.support.AnnotationConfigContextLoaderUtils -- Could not detect default configuration classes for test class [com.kafka.demo.KafkaSetupApplicationTests]: KafkaSetupApplicationTests does not declare any static, non-private, non-final, nested classes annotated with @Configuration.
21:30:16.680 [main] INFO org.springframework.boot.test.context.SpringBootTestContextBootstrapper -- Found @SpringBootConfiguration com.kafka.demo.KafkaSetupApplication for test class com.kafka.demo.KafkaSetupApplicationTests
  .   ____          _            __ _ _
 /\\ / ___'_ __ _ _(_)_ __  __ _ \ \ \ \
( ( )\___ | '_ | '_| | '_ \/ _` | \ \ \ \
 \\/  ___)| |_)| | | | | || (_| |  ) ) ) )
  '  |____| .__|_| |_|_| |_\__, | / / / /
 =========|_|==============|___/=/_/_/_/

 :: Spring Boot ::                (v3.3.0)

2024-10-07T21:30:16.848+05:30  INFO 79729 --- [Kafka Setup] [           main] c.kafka.demo.KafkaSetupApplicationTests  : Starting KafkaSetupApplicationTests using Java 17.0.12 with PID 79729 (started by s0d070v in /Users/s0d070v/Documents/Personal Projects/Kafka/demo)
2024-10-07T21:30:16.849+05:30  INFO 79729 --- [Kafka Setup] [           main] c.kafka.demo.KafkaSetupApplicationTests  : No active profile set, falling back to 1 default profile: "default"
2024-10-07T21:30:17.423+05:30  INFO 79729 --- [Kafka Setup] [           main] c.kafka.demo.KafkaSetupApplicationTests  : Started KafkaSetupApplicationTests in 0.686 seconds (process running for 1.172)
]]></system-out>
  </testcase>
</testsuite>